<?xml version="1.0" encoding="UTF-8"?>
<!-- Generated by org.testng.reporters.JUnitXMLReporter -->
<testsuite ignored="0" hostname="DESKTOP-Q1RIKB8" failures="0" tests="4" name="Test" time="0.122" errors="0" timestamp="2022-11-06T10:32:22 IST">
  <testcase classname="Scripts.Test4" name="tc4" time="0.014"/>
  <testcase classname="Scripts.Test2" name="tc2" time="0.003"/>
  <testcase classname="Scripts.Test3" name="tc3" time="0.002"/>
  <testcase classname="Scripts.Test1" name="tc1" time="0.003"/>
</testsuite> <!-- Test -->
