<?xml version="1.0" encoding="UTF-8"?>
<testng-results ignored="0" total="4" passed="4" failed="0" skipped="0">
  <reporter-output>
    <line>
      <![CDATA[Hello tester]]>
    </line>
    <line>
      <![CDATA[Hello selenium]]>
    </line>
    <line>
      <![CDATA[Hello Java]]>
    </line>
    <line>
      <![CDATA[Hello Jenkins]]>
    </line>
  </reporter-output>
  <suite started-at="2022-11-06T10:32:21 IST" name="Suite" finished-at="2022-11-06T10:32:21 IST" duration-ms="122">
    <groups>
    </groups>
    <test started-at="2022-11-06T10:32:21 IST" name="Test" finished-at="2022-11-06T10:32:21 IST" duration-ms="122">
      <class name="Scripts.Test1">
        <test-method signature="tc1()[pri:0, instance:Scripts.Test1@6a84a97d]" started-at="2022-11-06T10:32:21 IST" name="tc1" finished-at="2022-11-06T10:32:21 IST" duration-ms="3" status="PASS">
          <reporter-output>
            <line>
              <![CDATA[Hello Jenkins]]>
            </line>
          </reporter-output>
        </test-method> <!-- tc1 -->
      </class> <!-- Scripts.Test1 -->
      <class name="Scripts.Test2">
        <test-method signature="tc2()[pri:0, instance:Scripts.Test2@247d8ae]" started-at="2022-11-06T10:32:21 IST" name="tc2" finished-at="2022-11-06T10:32:21 IST" duration-ms="3" status="PASS">
          <reporter-output>
            <line>
              <![CDATA[Hello selenium]]>
            </line>
          </reporter-output>
        </test-method> <!-- tc2 -->
      </class> <!-- Scripts.Test2 -->
      <class name="Scripts.Test3">
        <test-method signature="tc3()[pri:0, instance:Scripts.Test3@48974e45]" started-at="2022-11-06T10:32:21 IST" name="tc3" finished-at="2022-11-06T10:32:21 IST" duration-ms="2" status="PASS">
          <reporter-output>
            <line>
              <![CDATA[Hello Java]]>
            </line>
          </reporter-output>
        </test-method> <!-- tc3 -->
      </class> <!-- Scripts.Test3 -->
      <class name="Scripts.Test4">
        <test-method signature="tc4()[pri:0, instance:Scripts.Test4@44821a96]" started-at="2022-11-06T10:32:21 IST" name="tc4" finished-at="2022-11-06T10:32:21 IST" duration-ms="14" status="PASS">
          <reporter-output>
            <line>
              <![CDATA[Hello tester]]>
            </line>
          </reporter-output>
        </test-method> <!-- tc4 -->
      </class> <!-- Scripts.Test4 -->
    </test> <!-- Test -->
  </suite> <!-- Suite -->
</testng-results>
