<?xml version="1.0" encoding="UTF-8"?>
<testng-results ignored="0" total="1" passed="1" failed="0" skipped="0">
  <reporter-output>
    <line>
      <![CDATA[Hello Jenkins]]>
    </line>
  </reporter-output>
  <suite started-at="2022-11-09T14:08:03 IST" name="Default suite" finished-at="2022-11-09T14:08:03 IST" duration-ms="80">
    <groups>
    </groups>
    <test started-at="2022-11-09T14:08:03 IST" name="Default test" finished-at="2022-11-09T14:08:03 IST" duration-ms="80">
      <class name="Scripts.Test1">
        <test-method signature="tc1()[pri:0, instance:Scripts.Test1@53976f5c]" started-at="2022-11-09T14:08:03 IST" name="tc1" finished-at="2022-11-09T14:08:03 IST" duration-ms="16" status="PASS">
          <reporter-output>
            <line>
              <![CDATA[Hello Jenkins]]>
            </line>
          </reporter-output>
        </test-method> <!-- tc1 -->
      </class> <!-- Scripts.Test1 -->
    </test> <!-- Default test -->
  </suite> <!-- Default suite -->
</testng-results>
